大汉,苗人凤,2
汉子,苗人凤,11
大汉,汉子,8
汉子,大汉,8
胡一刀,大汉,1
胡一刀,汉子,3
苗人凤,汉子,11
胡一刀,苗人凤,23
汉子,胡一刀,3
大汉,胡一刀,1
苗人凤,大汉,2
苗人凤,胡一刀,23
汉子,脚夫,2
脚夫,汉子,2
马春花,汉子,8
汉子,马春花,8
汉子,马行空,5
马春花,马行空,24
马行空,马春花,24
马行空,汉子,5
徐铮,马春花,53
马行空,徐铮,29
马春花,徐铮,53
徐铮,马行空,29
马春花,少妇,7
马行空,少妇,3
少妇,马春花,7
少妇,马行空,3
徐铮,少妇,4
少妇,徐铮,4
脚夫,马行空,1
徐铮,脚夫,1
脚夫,徐铮,1
马行空,脚夫,1
商宝震,何思豪,9
何思豪,商宝震,9
何思豪,徐铮,14
徐铮,何思豪,14
商宝震,徐铮,36
徐铮,商宝震,36
马春花,商宝震,38
商宝震,少妇,3
少妇,商宝震,3
商宝震,马春花,38
何思豪,少妇,2
何思豪,马春花,4
少妇,何思豪,2
马春花,何思豪,4
胡一刀,徐铮,5
苗人凤,徐铮,4
徐铮,胡一刀,5
徐铮,苗人凤,4
马行空,胡一刀,9
马行空,苗人凤,6
胡一刀,马行空,9
苗人凤,马行空,6
徐铮,车夫,3
车夫,马行空,1
车夫,马春花,5
车夫,徐铮,3
马春花,车夫,5
马行空,车夫,1
大汉,马春花,5
马春花,大汉,5
大汉,马行空,5
马行空,大汉,5
徐铮,汉子,7
汉子,徐铮,7
商宝震,马行空,22
马行空,商宝震,22
阎基,马行空,24
马行空,阎基,24
汉子,阎基,2
阎基,汉子,2
大汉,阎基,3
阎基,大汉,3
阎基,徐铮,9
徐铮,阎基,9
马春花,阎基,5
阎基,马春花,5
何思豪,马行空,2
阎基,何思豪,3
何思豪,阎基,3
马行空,何思豪,2
阎基,商宝震,11
商宝震,阎基,11
徐铮,大汉,2
大汉,徐铮,2
田归农,阎基,6
阎基,田归农,6
田归农,马行空,5
马行空,田归农,5
田归农,马春花,7
马春花,田归农,7
徐铮,田归农,6
田归农,徐铮,6
商宝震,田归农,7
车夫,阎基,1
商宝震,车夫,2
田归农,车夫,1
车夫,田归农,1
车夫,商宝震,2
阎基,车夫,1
田归农,商宝震,7
田归农,大汉,6
大汉,田归农,6
大汉,商宝震,3
马春花,苗人凤,2
田归农,苗人凤,38
商宝震,苗人凤,5
苗人凤,商宝震,5
苗人凤,田归农,38
苗人凤,马春花,2
商宝震,大汉,3
苗人凤,阎基,5
阎基,苗人凤,5
胡夫人,胡一刀,2
苗人凤,胡夫人,2
胡一刀,胡夫人,2
胡夫人,苗人凤,2
车夫,苗人凤,8
苗人凤,车夫,8
车夫,脚夫,8
苗人凤,脚夫,8
脚夫,车夫,8
脚夫,苗人凤,8
脚夫,补锅匠,7
车夫,补锅匠,5
补锅匠,脚夫,7
补锅匠,苗人凤,10
补锅匠,车夫,5
苗人凤,补锅匠,10
苗人凤,店伴,6
店伴,苗人凤,6
店伴,南仁通,4
南仁通,店伴,4
脚夫,南仁通,3
补锅匠,南仁通,7
南仁通,补锅匠,7
南仁通,脚夫,3
店伴,补锅匠,6
补锅匠,店伴,6
苗人凤,南仁通,4
南仁通,车夫,2
脚夫,店伴,3
店伴,脚夫,3
店伴,车夫,3
车夫,店伴,3
南仁通,苗人凤,4
车夫,南仁通,2
苗人凤,蒋调侯,5
蒋调侯,苗人凤,5
苗人凤,钟兆文,8
钟兆英,钟兆文,6
钟兆能,钟兆英,3
钟兆文,钟兆英,6
钟兆英,苗人凤,6
钟兆英,钟兆能,3
钟兆文,钟兆能,3
钟兆能,钟兆文,3
钟兆能,苗人凤,2
钟兆文,苗人凤,8
苗人凤,钟兆英,6
苗人凤,钟兆能,2
补锅匠,钟兆英,1
钟兆文,补锅匠,1
钟兆英,补锅匠,1
补锅匠,钟兆文,1
胡一刀,钟兆文,1
钟兆文,胡一刀,1
南兰,胡一刀,5
胡一刀,南兰,5
苗若兰,苗人凤,2
苗人凤,苗若兰,2
南兰,田归农,9
田归农,南兰,9
商老太,阎基,13
商老太,田归农,2
田归农,商老太,2
阎基,商老太,13
商宝震,商老太,33
商老太,商宝震,33
马行空,商老太,27
商老太,马行空,27
徐铮,商老太,14
商老太,徐铮,14
童子,商老太,1
阎基,童子,1
童子,阎基,1
童子,马行空,1
商老太,童子,1
马行空,童子,1
商老太,平四,2
商宝震,平四,1
平四,商老太,2
平四,商宝震,1
平四,阎基,2
阎基,平四,2
胡斐,商宝震,36
胡一刀,商宝震,8
胡斐,马行空,24
苗人凤,胡斐,84
马行空,胡斐,24
胡一刀,阎基,2
阎基,胡一刀,2
胡斐,苗人凤,84
胡一刀,胡斐,21
商宝震,胡一刀,8
胡斐,阎基,5
胡斐,胡一刀,21
阎基,胡斐,5
商宝震,胡斐,36
徐铮,胡斐,43
平四,胡斐,6
徐铮,平四,2
平四,徐铮,2
胡斐,徐铮,43
胡斐,平四,6
商老太,胡一刀,12
苗人凤,商老太,4
商老太,苗人凤,4
胡一刀,商老太,12
马春花,商老太,9
商老太,马春花,9
徐铮,平阿四,2
马春花,平阿四,2
平阿四,汉子,1
平阿四,胡斐,5
胡斐,马春花,100
商宝震,平阿四,3
马春花,胡斐,100
汉子,商宝震,4
胡一刀,平阿四,3
胡斐,平阿四,5
商老太,平阿四,4
平阿四,马行空,2
马春花,胡一刀,6
汉子,平阿四,1
胡一刀,马春花,6
平阿四,马春花,2
平阿四,商宝震,3
马行空,平阿四,2
平阿四,商老太,4
胡斐,汉子,37
商老太,胡斐,38
商宝震,汉子,4
汉子,胡斐,37
胡斐,商老太,38
平阿四,胡一刀,3
汉子,商老太,2
商老太,汉子,2
平阿四,徐铮,2
王维扬,王剑杰,4
商宝震,王剑杰,5
老王,商宝震,1
商宝震,王维扬,3
王剑英,老王,1
王维扬,王剑英,6
王剑杰,商宝震,5
老王,王剑英,1
老王,王维扬,1
王剑杰,老王,1
王剑杰,王剑英,24
王剑杰,王维扬,4
王维扬,商宝震,3
王剑英,王剑杰,24
王维扬,老王,1
老王,王剑杰,1
王剑英,王维扬,6
商宝震,老王,1
商宝震,王剑英,8
王剑英,商宝震,8
马春花,王剑英,2
王剑英,商老太,22
王剑英,马春花,2
王剑英,胡斐,39
胡斐,王剑英,39
商老太,王剑英,22
陈禹,殷仲翔,11
张总管,殷仲翔,1
王剑英,殷仲翔,15
陈禹,商老太,10
殷仲翔,张总管,1
商宝震,枯木,1
枯木,王剑英,1
殷仲翔,商宝震,2
陈禹,枯木,1
殷仲翔,陈禹,11
商老太,张总管,1
陈禹,王剑英,15
张总管,商老太,1
枯木,商老太,1
王剑英,陈禹,15
枯木,殷仲翔,1
殷仲翔,王剑英,15
殷仲翔,枯木,1
枯木,商宝震,1
商宝震,张总管,1
陈禹,商宝震,2
陈禹,张总管,1
枯木,陈禹,1
王剑英,张总管,1
殷仲翔,商老太,9
商老太,枯木,1
张总管,陈禹,1
王剑英,枯木,1
张总管,王剑英,1
商老太,殷仲翔,9
商宝震,陈禹,2
商老太,陈禹,10
枯木,张总管,1
张总管,枯木,1
张总管,商宝震,1
商宝震,殷仲翔,2
王剑英,胡一刀,3
胡一刀,王剑英,3
陈禹,马行空,9
马行空,殷仲翔,10
马春花,陈禹,1
陈禹,马春花,1
殷仲翔,徐铮,6
徐铮,陈禹,2
陈禹,徐铮,2
殷仲翔,马春花,2
马春花,殷仲翔,2
马行空,陈禹,9
徐铮,殷仲翔,6
殷仲翔,马行空,10
徐铮,王维扬,1
马春花,王维扬,2
王维扬,胡斐,6
王维扬,平阿四,1
平阿四,王维扬,1
胡一刀,王维扬,3
胡斐,王维扬,6
商老太,王维扬,5
王维扬,马行空,2
王维扬,马春花,2
马行空,王维扬,2
王维扬,商老太,5
王维扬,胡一刀,3
王维扬,徐铮,1
王剑杰,胡斐,22
王剑杰,商老太,12
商老太,王剑杰,12
胡斐,王剑杰,22
张召重,胡斐,1
胡斐,张召重,1
张召重,马春花,1
马春花,王剑杰,1
张召重,胡一刀,1
王剑杰,马春花,1
张召重,王维扬,1
王维扬,张召重,1
胡一刀,张召重,1
王剑杰,胡一刀,3
马春花,张召重,1
胡一刀,王剑杰,3
王剑杰,张召重,1
张召重,王剑杰,1
平阿四,王剑杰,1
王剑杰,平阿四,1
王剑英,马行空,12
殷仲翔,胡斐,21
马行空,王剑英,12
殷仲翔,王剑杰,10
王剑杰,马行空,4
马行空,王剑杰,4
陈禹,胡斐,16
陈禹,王剑杰,5
王剑杰,殷仲翔,10
王剑杰,陈禹,5
胡斐,殷仲翔,21
胡斐,陈禹,16
胖子,赵半山,1
赵半山,胖子,1
商老太,赵半山,29
赵半山,商老太,29
胖子,商老太,1
商老太,胖子,1
王剑英,胖子,1
胖子,胡斐,2
王剑英,赵半山,32
赵半山,胡斐,67
胡斐,胖子,2
胡斐,赵半山,67
胖子,王剑英,1
赵半山,王剑英,32
陈禹,赵半山,37
王剑杰,赵半山,14
赵半山,陈禹,37
赵半山,王剑杰,14
王维扬,陈禹,2
王维扬,汉子,1
王维扬,赵半山,4
赵半山,汉子,3
殷仲翔,赵半山,13
殷仲翔,汉子,2
汉子,殷仲翔,2
赵半山,殷仲翔,13
王维扬,殷仲翔,2
汉子,王维扬,1
汉子,王剑英,2
汉子,陈禹,3
王剑英,汉子,2
陈禹,汉子,3
陈禹,王维扬,2
汉子,赵半山,3
汉子,王剑杰,2
王剑杰,汉子,2
赵半山,王维扬,4
殷仲翔,王维扬,2
赵半山,阎基,2
阎基,赵半山,2
阎基,王剑英,2
马行空,赵半山,12
王剑英,阎基,2
赵半山,马行空,12
赵半山,商宝震,9
商宝震,赵半山,9
阎基,王维扬,1
阎基,殷仲翔,1
胡一刀,陈禹,2
陈禹,胡一刀,2
胡一刀,赵半山,4
王维扬,阎基,1
陈禹,阎基,1
胡一刀,殷仲翔,2
殷仲翔,阎基,1
殷仲翔,胡一刀,2
赵半山,胡一刀,4
阎基,陈禹,1
王师兄,胡斐,2
王师兄,商宝震,2
胡斐,王师兄,2
王剑英,王师兄,2
赵半山,王师兄,2
王师兄,赵半山,2
商老太,王师兄,2
王师兄,王剑英,2
王师兄,商老太,2
王师兄,王剑杰,2
王剑杰,王师兄,2
商宝震,王师兄,2
王维扬,王师兄,1
王师兄,王维扬,1
孙刚峰,胡斐,9
胡斐,孙刚峰,9
赵半山,孙刚峰,17
孙刚峰,赵半山,17
吕小妹,赵半山,12
徐天宏,赵半山,1
徐天宏,陈禹,1
陈禹,吕小妹,11
吕小妹,陈禹,11
赵半山,徐天宏,1
吕小妹,徐天宏,1
赵半山,吕小妹,12
陈禹,徐天宏,1
徐天宏,吕小妹,1
孙刚峰,骆冰,1
吕小妹,孙刚峰,11
骆冰,吕小妹,1
孙刚峰,陈禹,13
吕小妹,骆冰,1
陈禹,骆冰,1
骆冰,孙刚峰,1
赵半山,骆冰,5
陈禹,孙刚峰,13
骆冰,赵半山,5
骆冰,陈禹,1
孙刚峰,吕小妹,11
孙刚峰,汉子,2
吕小妹,汉子,2
汉子,孙刚峰,2
汉子,吕小妹,2
孙刚峰,王剑英,6
王剑英,孙刚峰,6
吕小妹,殷仲翔,4
胡斐,吕小妹,7
吕小妹,胡斐,7
马行空,吕小妹,4
商老太,吕小妹,3
殷仲翔,吕小妹,4
吕小妹,商老太,3
吕小妹,马行空,4
农夫,胡斐,1
赵半山,农夫,1
农夫,赵半山,1
胡斐,农夫,1
农夫,陈禹,1
陈禹,农夫,1
孙刚峰,徐铮,4
王剑英,吕小妹,4
徐铮,王剑杰,5
吕小妹,王剑杰,2
孙刚峰,殷仲翔,3
徐铮,孙刚峰,4
王剑杰,徐铮,5
徐铮,王剑英,7
吕小妹,王剑英,4
吕小妹,徐铮,3
王剑杰,吕小妹,2
王剑杰,孙刚峰,3
徐铮,吕小妹,3
马行空,孙刚峰,5
殷仲翔,孙刚峰,3
徐铮,赵半山,10
王剑英,徐铮,7
赵半山,徐铮,10
孙刚峰,王剑杰,3
孙刚峰,马行空,5
苗人凤,陈禹,1
赵半山,苗人凤,9
苗人凤,赵半山,9
陈禹,苗人凤,1
马春花,赵半山,4
赵半山,马春花,4
商老太,老头子,1
马行空,老头子,1
老头子,马行空,1
老头子,商老太,1
商老太,孙刚峰,3
孙刚峰,商老太,3
商宝震,孙刚峰,1
孙刚峰,商宝震,1
赵半山,平四,3
平四,赵半山,3
乾隆皇帝,马春花,2
徐铮,福康安,6
胡斐,乾隆皇帝,4
马春花,福康安,30
乾隆皇帝,王剑英,1
王剑英,乾隆皇帝,1
福康安,徐铮,6
徐铮,乾隆皇帝,2
胡斐,福康安,89
福康安,胡斐,89
乾隆皇帝,福康安,3
马春花,乾隆皇帝,2
福康安,赵半山,11
乾隆皇帝,赵半山,1
王剑英,福康安,10
乾隆皇帝,胡斐,4
福康安,马春花,30
赵半山,乾隆皇帝,1
乾隆皇帝,徐铮,2
福康安,乾隆皇帝,3
福康安,王剑英,10
赵半山,福康安,11
平阿四,赵半山,1
赵半山,平阿四,1
胡斐,瘦商人,3
瘦商人,胖商人,3
胡斐,胖商人,4
胖商人,胡斐,4
瘦商人,胡斐,3
胖商人,瘦商人,3
凤七,胡斐,5
胡斐,凤七,5
汉子,凤七,1
俞朝奉,胡斐,2
汉子,俞朝奉,1
凤七,俞朝奉,1
俞朝奉,凤七,1
俞朝奉,汉子,1
凤七,汉子,1
胡斐,俞朝奉,2
大汉,胡斐,19
胡斐,大汉,19
蛇皮张,胡斐,4
胡斐,蛇皮张,4
赵半山,蛇皮张,1
蛇皮张,赵半山,1
胡斐,凤一鸣,13
凤一鸣,胡斐,13
大汉,凤一鸣,1
凤一鸣,大汉,1
汉子,凤一鸣,1
凤一鸣,汉子,1
胡斐,邝宝官,1
邝宝官,胡斐,1
中年武师,何思豪,1
胡斐,何思豪,3
何思豪,胡斐,3
胡斐,中年武师,4
中年武师,胡斐,4
何思豪,中年武师,1
孙伏虎,汉子,1
汉子,孙伏虎,1
大汉,中年武师,1
中年武师,杨宾,4
杨宾,孙伏虎,10
大汉,杨宾,1
汉子,尉迟连,1
尉迟连,孙伏虎,7
孙伏虎,尉迟连,7
杨宾,大汉,1
孙伏虎,大汉,1
汉子,中年武师,1
大汉,孙伏虎,1
孙伏虎,杨宾,10
尉迟连,杨宾,5
大汉,尉迟连,1
尉迟连,中年武师,1
中年武师,大汉,1
杨宾,尉迟连,5
尉迟连,汉子,1
中年武师,汉子,1
中年武师,孙伏虎,3
孙伏虎,中年武师,3
杨宾,中年武师,4
汉子,杨宾,1
尉迟连,大汉,1
中年武师,尉迟连,1
杨宾,汉子,1
杨宾,胡斐,3
胡斐,孙伏虎,3
孙伏虎,胡斐,3
胡斐,杨宾,3
何思豪,杨宾,2
杨宾,何思豪,2
何思豪,孙伏虎,2
何思豪,尉迟连,3
孙伏虎,何思豪,2
尉迟连,何思豪,3
袁紫衣,何思豪,2
何思豪,袁紫衣,2
胡斐,袁紫衣,97
胡斐,尉迟连,1
袁紫衣,尉迟连,2
尉迟连,袁紫衣,2
尉迟连,胡斐,1
袁紫衣,胡斐,97
袁紫衣,刘鹤真,15
刘鹤真,袁紫衣,15
刘鹤真,孙伏虎,2
孙伏虎,袁紫衣,2
孙伏虎,刘鹤真,2
袁紫衣,孙伏虎,2
尉迟连,刘鹤真,1
刘鹤真,尉迟连,1
胡斐,刘鹤真,24
刘鹤真,胡斐,24
赵半山,袁紫衣,8
袁紫衣,赵半山,8
说不得,胡斐,5
胡斐,说不得,5
说不得,赵半山,1
袁紫衣,说不得,3
说不得,袁紫衣,3
赵半山,说不得,1
大汉,袁紫衣,5
袁紫衣,大汉,5
蓝秦,大汉,1
袁紫衣,蓝秦,10
大汉,蓝秦,1
蓝秦,袁紫衣,10
蓝秦,胡斐,6
赵半山,蓝秦,1
蓝秦,赵半山,1
胡斐,蓝秦,6
曹猛,崔百胜,1
蓝秦,崔百胜,1
崔百胜,曹猛,1
蓝秦,曹猛,1
袁紫衣,曹猛,2
胡斐,崔百胜,1
崔百胜,蓝秦,1
袁紫衣,崔百胜,1
崔百胜,胡斐,1
曹猛,胡斐,1
曹猛,蓝秦,1
曹猛,袁紫衣,2
崔百胜,袁紫衣,1
胡斐,曹猛,1
汉子,袁紫衣,7
袁紫衣,汉子,7
袁紫衣,易吉,15
说不得,易吉,1
易吉,袁紫衣,15
易吉,说不得,1
易吉,胡斐,7
胡斐,易吉,7
易吉,大汉,1
大汉,易吉,1
汉子,易吉,3
易吉,汉子,3
胡斐,胡大哥,42
胡大哥,胡斐,42
易吉,胡大哥,2
胡大哥,易吉,2
胡大哥,袁紫衣,17
袁紫衣,胡大哥,17
胡大哥,汉子,2
汉子,胡大哥,2
赵半山,胡大哥,3
胡大哥,赵半山,3
车夫,胡斐,7
车夫,袁紫衣,2
胡斐,车夫,7
袁紫衣,车夫,2
袁紫衣,胡一刀,2
胡一刀,胡大哥,3
胡大哥,胡一刀,3
胡一刀,袁紫衣,2
胡大哥,车夫,1
车夫,胡大哥,1
少妇,刘鹤真,5
少妇,胡斐,5
刘鹤真,少妇,5
胡斐,少妇,5
少妇,袁紫衣,2
袁紫衣,少妇,2
胡斐,莫大,1
赵半山,莫大,1
苗人凤,平四,2
平四,刘鹤真,1
莫大,刘鹤真,2
莫大,胡斐,1
莫大,苗人凤,2
刘鹤真,苗人凤,15
刘鹤真,莫大,2
莫大,平四,1
苗人凤,刘鹤真,15
赵半山,刘鹤真,2
平四,苗人凤,2
苗人凤,莫大,2
刘鹤真,赵半山,2
莫大,赵半山,1
刘鹤真,平四,1
平四,莫大,1
刘鹤真,胡大哥,1
胡大哥,刘鹤真,1
苗人凤,袁紫衣,4
袁紫衣,苗人凤,4
童怀道,胡斐,5
胡斐,童怀道,5
刘鹤真,说不得,1
说不得,刘鹤真,1
莫大,阎基,1
刘鹤真,阎基,2
阎基,刘鹤真,2
阎基,莫大,1
马行空,刘鹤真,1
刘鹤真,马行空,1
胡斐,田归农,45
田归农,刘鹤真,2
田归农,胡斐,45
刘鹤真,田归农,2
苗人凤,张飞雄,4
张飞雄,苗人凤,4
刘鹤真,张飞雄,3
张飞雄,刘鹤真,3
田归农,张飞雄,2
张飞雄,田归农,2
张飞雄,胡斐,4
胡斐,张飞雄,4
刘鹤真,汉子,1
汉子,刘鹤真,1
程灵素,胡斐,235
胡斐,程灵素,235
大汉,程灵素,8
汉子,程灵素,16
程灵素,袁紫衣,32
袁紫衣,程灵素,32
程灵素,汉子,16
程灵素,大汉,8
慕容景岳,胡斐,19
胡斐,慕容景岳,19
姜铁山,薛鹊,13
程灵素,姜铁山,18
大汉,姜铁山,2
胡斐,姜铁山,14
姜铁山,胡斐,14
慕容景岳,大汉,3
胡斐,薛鹊,18
薛鹊,慕容景岳,22
程灵素,薛鹊,27
薛鹊,胡斐,18
薛鹊,程灵素,27
薛鹊,大汉,2
大汉,薛鹊,2
慕容景岳,程灵素,30
姜铁山,大汉,2
薛鹊,姜铁山,13
慕容景岳,姜铁山,10
姜铁山,慕容景岳,10
姜铁山,程灵素,18
慕容景岳,薛鹊,22
程灵素,慕容景岳,30
大汉,慕容景岳,3
程灵素,胡大哥,23
胡大哥,程灵素,23
胡大哥,薛鹊,1
姜铁山,胡大哥,1
胡大哥,姜铁山,1
慕容景岳,胡大哥,1
胡大哥,慕容景岳,1
薛鹊,胡大哥,1
慕容景岳,铁匠,1
铁匠,慕容景岳,1
铁匠,程灵素,2
汉子,慕容景岳,1
姜铁山,铁匠,1
薛鹊,汉子,1
铁匠,姜铁山,1
铁匠,大汉,1
大汉,铁匠,1
程灵素,铁匠,2
胡斐,铁匠,2
汉子,姜铁山,1
铁匠,胡斐,2
铁匠,汉子,1
慕容景岳,汉子,1
汉子,铁匠,1
汉子,薛鹊,1
姜铁山,汉子,1
铁匠,薛鹊,1
薛鹊,铁匠,1
铁匠,胡大哥,1
胡大哥,铁匠,1
姜铁山,王铁匠,5
程灵素,王铁匠,6
王铁匠,程灵素,6
王铁匠,胡斐,6
胡斐,王铁匠,6
薛鹊,王铁匠,3
王铁匠,薛鹊,3
王铁匠,姜铁山,5
姜小铁,程灵素,4
姜小铁,王铁匠,1
姜铁山,姜小铁,3
姜小铁,姜铁山,3
王铁匠,姜小铁,1
程灵素,姜小铁,4
苗人凤,程灵素,29
程灵素,苗人凤,29
平四,袁紫衣,1
袁紫衣,平四,1
钟兆文,汉子,1
汉子,钟兆文,1
田归农,汉子,6
汉子,田归农,6
程灵素,钟兆文,1
钟兆文,胡斐,1
胡斐,钟兆文,1
钟兆文,程灵素,1
童子,汉子,1
童子,田归农,1
胡斐,童子,1
田归农,童子,1
汉子,童子,1
童子,胡斐,1
田归农,程灵素,10
程灵素,田归农,10
南兰,苗人凤,6
苗人凤,南兰,6
田归农,胡一刀,6
胡一刀,田归农,6
田归农,赵半山,3
赵半山,田归农,3
田归农,田青文,1
田青文,田归农,1
田青文,程灵素,1
程灵素,田青文,1
胡斐,钟兆英,1
钟兆英,胡斐,1
苗人凤,胡大哥,3
胡大哥,苗人凤,3
店伴,汉子,2
胡斐,店伴,4
店伴,程灵素,2
店伴,胡斐,4
程灵素,店伴,2
汉子,店伴,2
程灵素,书僮,1
书僮,程灵素,1
书僮,胡斐,1
胡斐,书僮,1
店伴,马行空,1
马行空,店伴,1
少妇,汉子,1
汉子,少妇,1
程灵素,马春花,59
马行空,程灵素,3
程灵素,马行空,3
徐铮,程灵素,16
马春花,程灵素,59
程灵素,徐铮,16
上官,胡斐,6
胡斐,上官,6
程灵素,李自成,1
李自成,程灵素,1
李自成,胡斐,1
胡斐,李自成,1
上官,徐铮,1
徐铮,上官,1
袁紫衣,徐铮,2
徐铮,袁紫衣,2
胡大哥,马春花,4
马春花,胡大哥,4
汉子,汪铁鹗,4
汪铁鹗,汉子,4
汪铁鹗,程灵素,12
汪铁鹗,胡斐,33
胡斐,汪铁鹗,33
程灵素,汪铁鹗,12
曾铁鸥,胡斐,17
曾铁鸥,汪铁鹗,9
曾铁鸥,程灵素,8
程灵素,曾铁鸥,8
汪铁鹗,曾铁鸥,9
胡斐,曾铁鸥,17
马春花,汪铁鹗,6
汪铁鹗,马春花,6
程灵素,商宝震,6
商宝震,程灵素,6
胡斐,老头子,1
老头子,汪铁鹗,1
老头子,胡斐,1
汪铁鹗,老头子,1
秦耐之,胡斐,24
胡斐,秦耐之,24
商宝震,秦耐之,4
秦耐之,马春花,3
徐铮,秦耐之,4
马春花,秦耐之,3
秦耐之,商宝震,4
秦耐之,徐铮,4
福康安,秦耐之,3
秦耐之,福康安,3
商宝震,福康安,4
福康安,商宝震,4
程灵素,秦耐之,8
秦耐之,程灵素,8
马春花,袁紫衣,2
袁紫衣,马春花,2
商宝震,袁紫衣,1
袁紫衣,商宝震,1
赵半山,程灵素,7
程灵素,赵半山,7
汪铁鹗,大汉,1
汪铁鹗,胡大哥,9
胡大哥,汪铁鹗,9
大汉,汪铁鹗,1
胡大哥,大汉,3
大汉,胡大哥,3
胡大哥,徐铮,1
汪铁鹗,徐铮,1
徐铮,胡大哥,1
福康安,汉子,4
福康安,汪铁鹗,6
福康安,胡大哥,6
徐铮,汪铁鹗,1
汉子,福康安,4
汪铁鹗,福康安,6
胡大哥,福康安,6
胡大哥,上官,1
汪铁鹗,上官,2
秦耐之,汪铁鹗,8
汪铁鹗,秦耐之,8
秦耐之,上官,2
秦耐之,胡大哥,8
上官,汪铁鹗,2
上官,胡大哥,1
胡大哥,秦耐之,8
上官,秦耐之,2
殷仲翔,程灵素,5
曾铁鸥,秦耐之,8
汪铁鹗,殷仲翔,7
殷仲翔,汪铁鹗,7
殷仲翔,曾铁鸥,7
曾铁鸥,胡大哥,8
胡大哥,曾铁鸥,8
秦耐之,曾铁鸥,8
胡大哥,殷仲翔,5
殷仲翔,秦耐之,6
曾铁鸥,殷仲翔,7
秦耐之,殷仲翔,6
殷仲翔,胡大哥,5
程灵素,殷仲翔,5
程灵素,王剑杰,2
上官,王剑杰,1
上官,曾铁鸥,1
曾铁鸥,王剑杰,4
王剑杰,曾铁鸥,4
秦耐之,王剑英,7
程灵素,上官,1
汪铁鹗,王剑杰,4
上官,程灵素,1
王剑杰,程灵素,2
王剑杰,秦耐之,4
王剑英,汪铁鹗,5
上官,王剑英,1
汪铁鹗,王剑英,5
王剑英,秦耐之,7
王剑杰,上官,1
上官,殷仲翔,1
王剑英,上官,1
程灵素,王剑英,4
王剑杰,汪铁鹗,4
王剑英,曾铁鸥,5
殷仲翔,上官,1
曾铁鸥,王剑英,5
曾铁鸥,上官,1
秦耐之,王剑杰,4
王剑英,程灵素,4
明月,胡斐,2
胡斐,明月,2
曾铁鸥,大汉,2
大汉,曾铁鸥,2
秦耐之,大汉,1
大汉,秦耐之,1
曾铁鸥,袁紫衣,7
袁紫衣,曾铁鸥,7
秦耐之,袁紫衣,8
袁紫衣,秦耐之,8
殷仲翔,袁紫衣,5
袁紫衣,殷仲翔,5
王剑英,袁紫衣,10
王剑杰,胡大哥,1
袁紫衣,汪铁鹗,5
胡大哥,王剑英,2
汪铁鹗,袁紫衣,5
王剑英,胡大哥,2
袁紫衣,王剑杰,4
袁紫衣,王剑英,10
王剑杰,袁紫衣,4
胡大哥,王剑杰,1
无青子,大智禅师,9
大智禅师,秦耐之,1
秦耐之,刘鹤真,1
刘鹤真,大智禅师,1
无青子,刘鹤真,1
大智禅师,袁紫衣,1
无青子,胡斐,6
大智禅师,王剑英,1
刘鹤真,秦耐之,1
无青子,王剑英,1
王剑英,无青子,1
刘鹤真,无青子,1
秦耐之,无青子,1
王剑英,刘鹤真,1
大智禅师,刘鹤真,1
无青子,袁紫衣,1
大智禅师,胡斐,4
王剑英,大智禅师,1
无青子,秦耐之,1
刘鹤真,王剑英,1
袁紫衣,无青子,1
秦耐之,大智禅师,1
袁紫衣,大智禅师,1
胡斐,大智禅师,4
大智禅师,无青子,9
胡斐,无青子,6
王维扬,袁紫衣,1
袁紫衣,王维扬,1
褚轰,袁紫衣,2
褚轰,王剑英,1
王剑英,褚轰,1
褚轰,汪铁鹗,1
汪铁鹗,褚轰,1
王剑杰,褚轰,1
褚轰,王剑杰,1
殷仲翔,褚轰,2
袁紫衣,褚轰,2
褚轰,殷仲翔,2
易吉,曾铁鸥,1
汪铁鹗,易吉,1
易吉,王剑英,1
曾铁鸥,易吉,1
王剑英,易吉,1
易吉,汪铁鹗,1
袁紫衣,明月,1
明月,程灵素,1
明月,胡大哥,1
明月,褚轰,1
褚轰,程灵素,1
褚轰,胡斐,1
胡大哥,明月,1
胡斐,褚轰,1
胡大哥,褚轰,1
程灵素,明月,1
殷仲翔,明月,1
程灵素,褚轰,1
褚轰,胡大哥,1
明月,殷仲翔,1
褚轰,明月,1
明月,袁紫衣,1
无尘道长,袁紫衣,2
无尘道长,胡一刀,1
苗人凤,无尘道长,1
文泰来,胡斐,4
胡大哥,文泰来,1
胡斐,文泰来,4
文泰来,胡大哥,1
胡一刀,无尘道长,1
胡一刀,文泰来,1
文泰来,无尘道长,1
无尘道长,文泰来,1
文泰来,胡一刀,1
袁紫衣,文泰来,1
文泰来,袁紫衣,1
无尘道长,胡大哥,2
苗人凤,文泰来,1
胡大哥,无尘道长,2
文泰来,苗人凤,1
赵半山,文泰来,4
文泰来,赵半山,4
赵半山,无尘道长,2
无尘道长,赵半山,2
胡斐,无尘道长,5
无尘道长,胡斐,5
无尘道长,苗人凤,1
袁紫衣,无尘道长,2
骆冰,袁紫衣,1
袁紫衣,福康安,3
福康安,袁紫衣,3
无尘道长,骆冰,1
骆冰,胡大哥,1
袁紫衣,骆冰,1
无尘道长,程灵素,2
福康安,骆冰,4
程灵素,骆冰,4
骆冰,无尘道长,1
胡大哥,骆冰,1
胡斐,骆冰,6
骆冰,福康安,4
程灵素,福康安,42
无尘道长,福康安,4
骆冰,胡斐,6
骆冰,程灵素,4
程灵素,无尘道长,2
福康安,无尘道长,4
福康安,程灵素,42
聂钺,袁紫衣,1
聂钺,秦耐之,1
聂钺,王剑英,1
王剑英,聂钺,1
聂钺,程灵素,1
聂钺,胡斐,8
程灵素,聂钺,1
袁紫衣,聂钺,1
秦耐之,聂钺,1
胡斐,聂钺,8
聂钺,胡大哥,3
胡大哥,聂钺,3
马春花,聂钺,1
少妇,福康安,1
聂钺,马春花,1
乾隆皇帝,商宝震,1
徐铮,聂钺,1
福康安,聂钺,4
福康安,少妇,1
乾隆皇帝,少妇,1
聂钺,乾隆皇帝,1
聂钺,少妇,1
聂钺,徐铮,1
商宝震,乾隆皇帝,1
少妇,车夫,1
福康安,车夫,2
车夫,聂钺,1
聂钺,商宝震,1
聂钺,福康安,4
车夫,少妇,1
少妇,乾隆皇帝,1
车夫,乾隆皇帝,1
乾隆皇帝,车夫,1
乾隆皇帝,聂钺,1
商宝震,聂钺,1
少妇,聂钺,1
聂钺,车夫,1
车夫,福康安,2
兆惠,胡斐,1
福康安,兆惠,1
兆惠,福康安,1
胡斐,兆惠,1
马春花,说不得,1
说不得,马春花,1
说不得,福康安,1
程灵素,说不得,2
说不得,程灵素,2
福康安,说不得,1
大汉,姬晓峰,2
姬晓峰,胡斐,20
胡斐,姬晓峰,20
姬晓峰,大汉,2
马春花,姬晓峰,5
程灵素,姬晓峰,13
姬晓峰,程灵素,13
姬晓峰,马春花,5
姬晓峰,福康安,7
福康安,姬晓峰,7
胡大哥,姬晓峰,2
姬晓峰,胡大哥,2
明珠,袁枚,1
袁枚,相国夫人,1
相国夫人,明珠,1
相国夫人,袁枚,1
袁枚,明珠,1
明珠,相国夫人,1
姬晓峰,蔡威,6
蔡威,胡斐,9
福康安,蔡威,5
蔡威,福康安,5
蔡威,姬晓峰,6
胡斐,蔡威,9
曾铁鸥,汉子,1
殷仲翔,福康安,1
张九,福康安,3
店伴,张九,1
店伴,秦耐之,1
张九,曾铁鸥,1
汉子,秦耐之,1
张九,王剑杰,1
福康安,曾铁鸥,5
王剑杰,张九,1
汪铁鹗,张九,6
福康安,张九,3
胡斐,张九,8
曾铁鸥,福康安,5
王剑英,张九,1
殷仲翔,店伴,1
店伴,福康安,1
秦耐之,张九,1
汉子,张九,2
张九,秦耐之,1
王剑杰,店伴,1
店伴,殷仲翔,1
张九,店伴,1
张九,汪铁鹗,6
福康安,王剑杰,3
秦耐之,汉子,1
店伴,王剑英,1
殷仲翔,张九,1
店伴,曾铁鸥,1
张九,王剑英,1
汉子,曾铁鸥,1
曾铁鸥,店伴,1
王剑杰,福康安,3
秦耐之,店伴,1
福康安,殷仲翔,1
曾铁鸥,张九,1
王剑英,店伴,1
店伴,王剑杰,1
汪铁鹗,店伴,1
张九,殷仲翔,1
店伴,汪铁鹗,1
张九,汉子,2
张九,胡斐,8
福康安,店伴,1
胡大哥,张九,2
张九,胡大哥,2
马春花,张九,2
张九,马春花,2
任通武,胡斐,6
任通武,汪铁鹗,2
胡斐,任通武,6
汪铁鹗,任通武,2
张九,苗人凤,1
吊死鬼,苗人凤,1
苗人凤,张九,1
张九,吊死鬼,1
吊死鬼,张九,1
胡斐,吊死鬼,1
吊死鬼,胡斐,1
苗人凤,吊死鬼,1
福康安,任通武,3
任通武,福康安,3
张九,任通武,1
张九,相国夫人,1
马春花,相国夫人,1
任通武,相国夫人,1
相国夫人,马春花,1
相国夫人,张九,1
任通武,马春花,1
相国夫人,胡斐,3
相国夫人,任通武,1
相国夫人,福康安,2
胡斐,相国夫人,3
任通武,张九,1
福康安,相国夫人,2
马春花,任通武,1
车夫,汉子,2
汉子,车夫,2
程灵素,车夫,2
车夫,程灵素,2
程灵素,蔡威,6
蔡威,程灵素,6
汪铁鹗,相国夫人,2
相国夫人,汪铁鹗,2
汪铁鹗,乾隆皇帝,1
乾隆皇帝,相国夫人,1
相国夫人,乾隆皇帝,1
乾隆皇帝,汪铁鹗,1
程灵素,相国夫人,1
相国夫人,程灵素,1
蔡威,汤沛,3
汤沛,姬晓峰,1
汤沛,蔡威,3
程灵素,汤沛,12
胡斐,汤沛,23
汤沛,胡斐,23
姬晓峰,汤沛,1
汤沛,程灵素,12
福康安,汤沛,26
汤沛,福康安,26
张召重,马钰,2
张召重,无青子,2
马钰,无青子,2
马钰,张召重,2
无青子,马钰,2
无青子,张召重,2
汤沛,大智禅师,7
汤沛,无青子,9
无青子,汤沛,9
大智禅师,汤沛,7
海兰弼,汤沛,17
汤沛,海兰弼,17
海兰弼,大智禅师,6
无青子,程灵素,2
胡斐,海兰弼,8
程灵素,海兰弼,4
海兰弼,程灵素,4
大智禅师,程灵素,2
程灵素,大智禅师,2
大智禅师,海兰弼,6
海兰弼,无青子,7
无青子,海兰弼,7
程灵素,无青子,2
海兰弼,胡斐,8
福康安,大智禅师,5
大智禅师,福康安,5
无青子,福康安,6
福康安,无青子,6
程灵素,安提督,10
安提督,程灵素,10
福康安,安提督,16
安提督,袁紫衣,1
袁紫衣,安提督,1
胡斐,安提督,14
安提督,胡斐,14
安提督,福康安,16
汤沛,安提督,13
安提督,大智禅师,4
安提督,汤沛,13
无青子,安提督,4
安提督,海兰弼,8
大智禅师,安提督,4
安提督,无青子,4
海兰弼,安提督,8
欧阳公政,大汉,1
欧阳公政,安提督,1
黄希节,大汉,1
安提督,黄希节,3
胡斐,欧阳公政,2
安提督,大汉,1
大汉,欧阳公政,1
胡斐,黄希节,2
黄希节,安提督,3
黄希节,胡斐,2
欧阳公政,黄希节,2
大汉,黄希节,1
黄希节,欧阳公政,2
安提督,欧阳公政,1
欧阳公政,胡斐,2
大汉,安提督,1
安提督,文醉翁,2
安提督,汉子,3
文醉翁,汉子,1
文醉翁,安提督,2
汉子,安提督,3
汉子,文醉翁,1
周隆,欧阳公政,3
周隆,胡斐,1
福康安,欧阳公政,2
欧阳公政,福康安,2
福康安,周隆,1
欧阳公政,周隆,3
周隆,福康安,1
胡斐,周隆,1
周隆,汤沛,1
汤沛,周隆,1
汤沛,欧阳公政,2
欧阳公政,汤沛,2
蔡威,郭玉堂,3
郭玉堂,胡斐,10
汉子,郭玉堂,1
汉子,蔡威,1
郭玉堂,蔡威,3
郭玉堂,汉子,1
胡斐,郭玉堂,10
蔡威,汉子,1
程灵素,陈高波,1
齐伯涛,郭玉堂,2
姬晓峰,陈高波,1
陈高波,齐伯涛,3
陈高波,姬晓峰,1
齐伯涛,陈高波,3
郭玉堂,程灵素,4
陈高波,郭玉堂,2
郭玉堂,陈高波,2
齐伯涛,姬晓峰,1
齐伯涛,胡斐,2
郭玉堂,齐伯涛,2
陈高波,蔡威,1
蔡威,陈高波,1
程灵素,郭玉堂,4
郭玉堂,姬晓峰,2
姬晓峰,郭玉堂,2
陈高波,程灵素,1
胡斐,齐伯涛,2
陈高波,胡斐,2
蔡威,齐伯涛,1
程灵素,齐伯涛,1
齐伯涛,蔡威,1
齐伯涛,程灵素,1
姬晓峰,齐伯涛,1
胡斐,陈高波,2
郭玉堂,安提督,4
齐伯涛,安提督,2
安提督,郭玉堂,4
安提督,陈高波,2
安提督,齐伯涛,2
陈高波,安提督,2
齐伯涛,汤沛,1
陈高波,汤沛,1
汤沛,陈高波,1
汤沛,齐伯涛,1
宗雄,黄希节,6
黄希节,宗雄,6
福康安,宗雄,1
福康安,黄希节,2
黄希节,程灵素,1
宗雄,福康安,1
宗雄,程灵素,1
程灵素,宗雄,1
胡斐,宗雄,1
程灵素,黄希节,1
黄希节,福康安,2
宗雄,胡斐,1
汤沛,汉子,1
汤沛,黄希节,3
宗雄,汤沛,2
汉子,汤沛,1
黄希节,汤沛,3
汤沛,宗雄,2
宗雄,安提督,3
汉子,黄希节,1
黄希节,汉子,1
安提督,宗雄,3
宗雄,汉子,1
汉子,宗雄,1
黄希节,海兰弼,3
宗雄,海兰弼,3
海兰弼,宗雄,3
海兰弼,黄希节,3
哈赤大师,倪不小,1
宗雄,西灵道人,1
倪不小,倪不大,8
宗雄,倪不小,1
倪不小,西灵道人,1
文醉翁,海兰弼,2
宗雄,哈赤大师,1
倪不小,哈赤大师,1
倪不小,宗雄,1
海兰弼,哈赤大师,1
西灵道人,文醉翁,1
安提督,哈赤大师,1
倪不大,文醉翁,1
西灵道人,倪不大,1
海兰弼,西灵道人,1
海兰弼,文醉翁,2
倪不小,文醉翁,1
文醉翁,倪不小,1
宗雄,文醉翁,1
西灵道人,哈赤大师,1
安提督,西灵道人,1
倪不大,宗雄,1
哈赤大师,文醉翁,2
倪不大,哈赤大师,1
文醉翁,哈赤大师,2
哈赤大师,安提督,1
西灵道人,宗雄,1
倪不小,海兰弼,2
宗雄,倪不大,1
倪不大,西灵道人,1
安提督,倪不大,3
哈赤大师,海兰弼,1
文醉翁,倪不大,1
倪不大,倪不小,8
文醉翁,宗雄,1
哈赤大师,宗雄,1
哈赤大师,倪不大,1
海兰弼,倪不大,2
海兰弼,倪不小,2
西灵道人,安提督,1
西灵道人,海兰弼,1
西灵道人,倪不小,1
文醉翁,西灵道人,1
倪不大,安提督,3
倪不大,海兰弼,2
倪不小,安提督,3
安提督,倪不小,3
哈赤大师,西灵道人,1
倪不大,胡斐,3
倪不大,福康安,4
郭玉堂,桑飞虹,4
倪不大,桑飞虹,5
倪不大,郭玉堂,1
倪不小,郭玉堂,1
倪不小,福康安,4
福康安,倪不大,4
福康安,倪不小,4
福康安,桑飞虹,9
桑飞虹,倪不小,5
倪不小,胡斐,3
胡斐,倪不小,3
倪不小,桑飞虹,5
郭玉堂,倪不大,1
郭玉堂,倪不小,1
福康安,郭玉堂,3
桑飞虹,倪不大,5
胡斐,倪不大,3
郭玉堂,福康安,3
胡斐,桑飞虹,8
桑飞虹,郭玉堂,4
桑飞虹,胡斐,8
桑飞虹,福康安,9
桑飞虹,安提督,4
安提督,桑飞虹,4
倪不大,程灵素,2
马春花,倪不小,2
倪不小,马春花,2
程灵素,倪不小,2
倪不小,程灵素,2
倪不大,马春花,2
马春花,倪不大,2
程灵素,倪不大,2
倪不大,汤沛,1
海兰弼,福康安,10
桑飞虹,汤沛,5
汤沛,倪不大,1
桑飞虹,海兰弼,4
福康安,海兰弼,10
汤沛,桑飞虹,5
汤沛,倪不小,1
海兰弼,桑飞虹,4
倪不小,汤沛,1
文醉翁,无青子,1
常赫志,汤沛,1
常伯志,无青子,1
海兰弼,常伯志,2
无青子,常伯志,1
常伯志,海兰弼,2
常赫志,常伯志,3
常伯志,文醉翁,1
常赫志,文醉翁,1
汤沛,常赫志,1
福康安,常赫志,3
无青子,文醉翁,1
文醉翁,汤沛,1
常赫志,无青子,1
常伯志,汤沛,1
文醉翁,常赫志,1
大智禅师,文醉翁,1
常伯志,福康安,3
汤沛,常伯志,1
常赫志,大智禅师,1
文醉翁,福康安,1
大智禅师,常伯志,1
福康安,常伯志,3
汤沛,文醉翁,1
常赫志,福康安,3
海兰弼,常赫志,2
大智禅师,常赫志,1
文醉翁,大智禅师,1
无青子,常赫志,1
常赫志,海兰弼,2
文醉翁,常伯志,1
福康安,文醉翁,1
常伯志,常赫志,3
常伯志,大智禅师,1
郭玉堂,无常鬼,1
桑飞虹,文醉翁,2
桑飞虹,上官,1
文醉翁,胡斐,1
上官,无常鬼,1
文醉翁,上官铁生,1
上官,桑飞虹,1
桑飞虹,无常鬼,2
上官,文醉翁,1
胡斐,上官铁生,5
郭玉堂,文醉翁,1
无常鬼,文醉翁,2
无常鬼,上官铁生,2
郭玉堂,上官铁生,2
无常鬼,胡斐,1
胡斐,无常鬼,1
上官,郭玉堂,1
无常鬼,桑飞虹,2
上官铁生,郭玉堂,2
文醉翁,无常鬼,2
桑飞虹,上官铁生,9
文醉翁,上官,1
文醉翁,郭玉堂,1
无常鬼,郭玉堂,1
上官铁生,上官,1
上官铁生,文醉翁,1
上官铁生,桑飞虹,9
上官铁生,无常鬼,2
文醉翁,桑飞虹,2
上官铁生,胡斐,5
胡斐,文醉翁,1
上官,上官铁生,1
无常鬼,上官,1
郭玉堂,上官,1
无常鬼,哈赤大师,1
哈赤大师,无常鬼,1
上官铁生,程灵素,2
桑飞虹,程灵素,2
程灵素,桑飞虹,2
程灵素,上官铁生,2
王剑杰,安提督,1
安提督,王剑英,3
王剑英,安提督,3
安提督,王剑杰,1
汤沛,上官铁生,1
福康安,上官铁生,4
上官铁生,福康安,4
上官铁生,汤沛,1
上官铁生,海兰弼,1
海兰弼,上官铁生,1
曾铁鸥,上官铁生,1
上官铁生,曾铁鸥,1
安提督,常伯志,1
桑飞虹,常伯志,1
程灵素,常伯志,2
桑飞虹,常赫志,1
常赫志,程灵素,2
常伯志,安提督,1
常赫志,安提督,1
常伯志,程灵素,2
程灵素,常赫志,2
常赫志,胡斐,2
胡斐,常赫志,2
常赫志,桑飞虹,1
安提督,常赫志,1
常伯志,桑飞虹,1
常伯志,胡斐,2
胡斐,常伯志,2
马春花,桑飞虹,1
马春花,安提督,1
汤沛,郭玉堂,2
汤沛,马春花,3
安提督,马春花,1
郭玉堂,汤沛,2
桑飞虹,马春花,1
马春花,郭玉堂,1
马春花,汤沛,3
郭玉堂,马春花,1
刘之余,安提督,1
胡斐,刘之余,2
安提督,刘之余,1
刘之余,胡斐,2
福康安,刘之余,3
刘之余,福康安,3
赵半山,石双英,4
胡斐,石双英,2
石双英,胡斐,2
刘之余,桑飞虹,1
桑飞虹,刘之余,1
福康安,石双英,3
赵半山,刘之余,1
赵半山,桑飞虹,3
石双英,刘之余,1
石双英,桑飞虹,3
刘之余,石双英,1
桑飞虹,石双英,3
石双英,赵半山,4
石双英,福康安,3
刘之余,赵半山,1
桑飞虹,赵半山,3
汤沛,石双英,2
赵半山,汤沛,6
汤沛,赵半山,6
石双英,汤沛,2
海兰弼,赵半山,3
赵半山,无青子,2
赵半山,海兰弼,3
无青子,赵半山,2
赵半山,大智禅师,2
安提督,赵半山,2
大智禅师,赵半山,2
赵半山,安提督,2
西灵道人,福康安,1
福康安,西灵道人,1
童怀道,袁紫衣,1
袁紫衣,童怀道,1
欧阳公政,海兰弼,1
海兰弼,欧阳公政,1
桑飞虹,黄希节,1
桑飞虹,欧阳公政,1
黄希节,桑飞虹,1
欧阳公政,桑飞虹,1
福康安,童怀道,3
童怀道,福康安,3
福康安,田归农,9
田归农,福康安,9
田归农,汤沛,10
汤沛,田归农,10
田归农,海兰弼,3
海兰弼,童怀道,1
童怀道,赵半山,1
汤沛,苗人凤,2
田归农,童怀道,11
苗人凤,汤沛,2
汤沛,童怀道,5
苗人凤,海兰弼,1
海兰弼,田归农,3
苗人凤,童怀道,2
童怀道,田归农,11
童怀道,苗人凤,2
赵半山,童怀道,1
海兰弼,苗人凤,1
童怀道,汤沛,5
童怀道,海兰弼,1
田归农,曹云奇,1
曹云奇,田归农,1
汤沛,李廷豹,2
汤沛,大汉,1
大汉,李廷豹,1
大汉,汤沛,1
李廷豹,大汉,1
童怀道,大汉,1
大汉,童怀道,1
童怀道,李廷豹,2
李廷豹,汤沛,2
李廷豹,童怀道,2
李廷豹,田归农,5
田归农,李廷豹,5
福康安,李廷豹,1
李廷豹,安提督,2
安提督,童怀道,1
田归农,安提督,4
李廷豹,福康安,1
安提督,李廷豹,2
童怀道,安提督,1
安提督,田归农,4
蔡威,童怀道,1
田归农,蔡威,1
郭玉堂,田归农,2
蔡威,田归农,1
童怀道,郭玉堂,1
童怀道,蔡威,1
田归农,郭玉堂,2
郭玉堂,童怀道,1
胡斐,李廷豹,1
李廷豹,胡斐,1
程灵素,童怀道,1
童怀道,程灵素,1
慕容景岳,田归农,1
田归农,慕容景岳,1
薛鹊,福康安,1
姜铁山,福康安,1
福康安,姜铁山,1
慕容景岳,福康安,1
福康安,慕容景岳,1
福康安,薛鹊,1
田归农,大智禅师,3
大智禅师,田归农,3
苗人凤,福康安,1
苗人凤,郭玉堂,1
福康安,苗人凤,1
郭玉堂,苗人凤,1
木文察,福康安,3
姬晓峰,木文察,1
胡斐,木文察,1
蔡威,木文察,1
程灵素,木文察,1
木文察,胡斐,1
福康安,木文察,3
木文察,程灵素,1
木文察,蔡威,1
木文察,姬晓峰,1
木文察,王剑英,1
曾铁鸥,木文察,1
木文察,曾铁鸥,1
王剑英,木文察,1
木文察,王剑杰,1
王剑杰,木文察,1
姬晓峰,安提督,1
安提督,姬晓峰,1
无尘道人,田归农,1
田归农,无青子,2
无尘道人,海兰弼,1
无尘道人,无青子,2
文泰来,石万嗔,1
胡斐,无尘道人,6
无尘道人,安提督,1
石万嗔,胡斐,17
无青子,无尘道人,2
石万嗔,海兰弼,1
文泰来,福康安,3
石万嗔,无尘道人,1
石万嗔,福康安,6
无尘道人,大智禅师,1
无青子,田归农,2
赵半山,石万嗔,2
文泰来,田归农,1
福康安,石万嗔,6
无青子,石万嗔,1
赵半山,无尘道人,1
大智禅师,无尘道人,1
无尘道人,赵半山,1
安提督,文泰来,1
文泰来,安提督,1
石万嗔,大智禅师,1
汤沛,无尘道人,1
无尘道人,文泰来,1
海兰弼,石万嗔,1
无尘道人,胡斐,6
田归农,文泰来,1
汤沛,石万嗔,3
文泰来,海兰弼,1
石万嗔,赵半山,2
福康安,无尘道人,4
文泰来,无尘道人,1
安提督,无尘道人,1
无尘道人,汤沛,1
无尘道人,福康安,4
大智禅师,文泰来,1
石万嗔,文泰来,1
胡斐,石万嗔,17
海兰弼,文泰来,1
文泰来,汤沛,1
无青子,文泰来,1
田归农,无尘道人,1
海兰弼,无尘道人,1
无尘道人,石万嗔,1
文泰来,无青子,1
安提督,石万嗔,2
文泰来,大智禅师,1
大智禅师,石万嗔,1
石万嗔,安提督,2
石万嗔,无青子,1
福康安,文泰来,3
石万嗔,田归农,2
石万嗔,汤沛,3
汤沛,文泰来,1
田归农,石万嗔,2
海兰弼,王剑英,3
王剑英,海兰弼,3
汤沛,王剑英,5
王剑英,汤沛,5
陈家洛,福康安,6
陈家洛,汤沛,3
陈家洛,乾隆皇帝,1
汤沛,乾隆皇帝,1
乾隆皇帝,陈家洛,1
福康安,陈家洛,6
乾隆皇帝,汤沛,1
汤沛,陈家洛,3
陈家洛,心砚,3
心砚,陈家洛,3
书僮,陈家洛,1
汤沛,书僮,1
石双英,心砚,1
福康安,书僮,1
心砚,赵半山,3
书僮,心砚,1
石双英,书僮,1
汤沛,心砚,4
赵半山,书僮,1
心砚,汤沛,4
心砚,福康安,8
书僮,汤沛,1
赵半山,心砚,3
陈家洛,书僮,1
心砚,石双英,1
陈家洛,石双英,1
赵半山,陈家洛,5
福康安,心砚,8
书僮,赵半山,1
陈家洛,赵半山,5
石双英,陈家洛,1
书僮,福康安,1
书僮,石双英,1
心砚,书僮,1
心砚,王剑英,1
王剑英,心砚,1
袁士霄,福康安,1
袁士霄,程灵素,1
袁士霄,赵半山,1
陈家洛,袁士霄,1
骆冰,袁士霄,1
程灵素,陈家洛,3
福康安,霍青桐,2
胡斐,霍青桐,2
骆冰,汤沛,2
袁士霄,心砚,1
心砚,袁士霄,1
福康安,袁士霄,1
胡斐,袁士霄,1
程灵素,心砚,2
心砚,霍青桐,1
骆冰,心砚,2
袁士霄,胡斐,1
霍青桐,福康安,2
胡斐,陈家洛,7
汤沛,霍青桐,1
霍青桐,汤沛,1
霍青桐,心砚,1
霍青桐,袁士霄,1
赵半山,袁士霄,1
汤沛,袁士霄,1
袁士霄,陈家洛,1
袁士霄,骆冰,1
陈家洛,霍青桐,2
骆冰,霍青桐,1
赵半山,霍青桐,2
霍青桐,赵半山,2
霍青桐,陈家洛,2
霍青桐,骆冰,1
陈家洛,胡斐,7
陈家洛,程灵素,3
心砚,胡斐,3
陈家洛,骆冰,3
骆冰,陈家洛,3
袁士霄,霍青桐,1
程灵素,袁士霄,1
胡斐,心砚,3
袁士霄,汤沛,1
心砚,骆冰,2
程灵素,霍青桐,2
霍青桐,程灵素,2
霍青桐,胡斐,2
汤沛,骆冰,2
心砚,程灵素,2
说不得,汤沛,1
汤沛,说不得,1
胡大哥,蔡威,1
蔡威,胡大哥,1
程灵素,石万嗔,30
石万嗔,程灵素,30
骆冰,马春花,2
马春花,蔡威,1
马春花,骆冰,2
蔡威,马春花,1
蔡威,骆冰,1
骆冰,蔡威,1
福康安,大汉,2
大汉,福康安,2
德布,大汉,1
福康安,德布,4
德布,无尘道人,3
德布,福康安,4
大汉,无尘道人,1
程灵素,无尘道人,1
无尘道人,大汉,1
无尘道长,大汉,1
无尘道人,程灵素,1
无尘道人,德布,3
无尘道长,无尘道人,2
胡斐,德布,7
德布,胡斐,7
无尘道人,无尘道长,2
大汉,德布,1
程灵素,德布,2
德布,程灵素,2
无尘道长,德布,2
德布,无尘道长,2
大汉,无尘道长,1
德布,乾隆皇帝,1
乾隆皇帝,德布,1
心砚,无尘道人,1
心砚,无青子,2
无青子,心砚,2
无尘道人,心砚,1
陆菲青,胡斐,3
胡斐,陆菲青,3
福康安,王维扬,1
王维扬,福康安,1
王维扬,陆菲青,1
福康安,陆菲青,5
陆菲青,王维扬,1
陆菲青,福康安,5
文泰来,心砚,1
德布,赵半山,2
心砚,文泰来,1
德布,文泰来,2
心砚,德布,1
德布,陈家洛,2
德布,骆冰,1
陈家洛,德布,2
骆冰,德布,1
德布,心砚,1
陈家洛,文泰来,2
骆冰,文泰来,1
文泰来,德布,2
文泰来,陈家洛,2
文泰来,骆冰,1
赵半山,德布,2
心砚,李沅芷,1
陆菲青,李沅芷,1
程灵素,余鱼同,2
陆菲青,余鱼同,2
余鱼同,陆菲青,2
余鱼同,福康安,3
余鱼同,程灵素,2
李沅芷,程灵素,1
余鱼同,李沅芷,1
李沅芷,福康安,1
李沅芷,陆菲青,1
福康安,余鱼同,3
心砚,陆菲青,2
陆菲青,心砚,2
福康安,李沅芷,1
陆菲青,程灵素,3
程灵素,李沅芷,1
余鱼同,心砚,1
心砚,余鱼同,1
李沅芷,余鱼同,1
程灵素,陆菲青,3
李沅芷,心砚,1
陆菲青,汤沛,1
马钰,陆菲青,1
汤沛,陆菲青,1
福康安,马钰,1
陆菲青,马钰,1
张召重,汤沛,1
陆菲青,无青子,1
无青子,陆菲青,1
马钰,心砚,1
汤沛,张召重,1
张召重,福康安,1
张召重,陆菲青,1
福康安,张召重,1
陆菲青,张召重,1
心砚,张召重,1
心砚,马钰,1
马钰,汤沛,1
汤沛,马钰,1
张召重,心砚,1
马钰,福康安,1
陆菲青,赵半山,1
程灵素,文泰来,1
倪不大,常伯志,1
文泰来,余鱼同,1
倪不大,德布,1
赵半山,倪不大,1
陆菲青,霍青桐,1
马春花,余鱼同,2
霍青桐,余鱼同,1
陈家洛,常赫志,1
常伯志,陈家洛,1
陆菲青,马春花,1
马春花,陈家洛,5
马春花,陆菲青,1
倪不小,常赫志,1
倪不大,霍青桐,1
常赫志,赵半山,1
马春花,文泰来,1
赵半山,陆菲青,1
文泰来,常赫志,1
常伯志,倪不大,1
文泰来,程灵素,1
倪不大,余鱼同,1
霍青桐,马春花,1
马春花,德布,1
余鱼同,赵半山,1
常伯志,德布,1
倪不小,余鱼同,1
德布,倪不大,1
赵半山,常伯志,1
马春花,常赫志,1
赵半山,倪不小,1
常伯志,马春花,1
倪不小,赵半山,1
德布,常伯志,1
陈家洛,常伯志,1
余鱼同,倪不小,1
霍青桐,常赫志,1
文泰来,霍青桐,1
常赫志,陈家洛,1
倪不大,常赫志,1
常赫志,马春花,1
倪不大,文泰来,1
陈家洛,马春花,5
倪不大,赵半山,1
霍青桐,倪不小,1
常赫志,文泰来,1
倪不小,霍青桐,1
常赫志,余鱼同,1
余鱼同,常赫志,1
陆菲青,常伯志,1
陆菲青,德布,1
德布,常赫志,1
余鱼同,德布,1
常伯志,赵半山,1
倪不大,陈家洛,1
文泰来,陆菲青,1
余鱼同,马春花,2
赵半山,常赫志,1
陆菲青,常赫志,1
倪不小,德布,1
常赫志,倪不大,1
马春花,常伯志,1
德布,霍青桐,1
霍青桐,常伯志,1
陆菲青,倪不大,1
霍青桐,陆菲青,1
常伯志,倪不小,1
常赫志,德布,1
余鱼同,霍青桐,1
德布,马春花,1
余鱼同,常伯志,1
文泰来,倪不小,1
陆菲青,陈家洛,1
霍青桐,文泰来,1
常赫志,倪不小,1
余鱼同,倪不大,1
胡斐,余鱼同,2
常伯志,陆菲青,1
霍青桐,倪不大,1
文泰来,常伯志,1
马春花,霍青桐,1
陆菲青,倪不小,1
常赫志,陆菲青,1
倪不大,陆菲青,1
文泰来,倪不大,1
常伯志,文泰来,1
霍青桐,德布,1
陈家洛,倪不小,1
德布,倪不小,1
陆菲青,文泰来,1
余鱼同,文泰来,1
倪不小,常伯志,1
赵半山,余鱼同,1
德布,余鱼同,1
陈家洛,余鱼同,1
倪不小,陈家洛,1
倪不小,陆菲青,1
常伯志,霍青桐,1
余鱼同,陈家洛,1
常赫志,霍青桐,1
倪不小,文泰来,1
陈家洛,陆菲青,1
余鱼同,胡斐,2
德布,陆菲青,1
常伯志,余鱼同,1
文泰来,马春花,1
陈家洛,倪不大,1
福康安,徐天宏,1
徐天宏,陈家洛,1
陈家洛,徐天宏,1
胡斐,徐天宏,1
徐天宏,福康安,1
徐天宏,胡斐,1
徐天宏,马春花,1
马春花,徐天宏,1
马春花,无尘道长,1
余鱼同,无尘道长,1
无尘道长,余鱼同,1
无尘道长,马春花,1
慕容景岳,马春花,4
马春花,慕容景岳,4
石万嗔,薛鹊,14
石万嗔,慕容景岳,18
慕容景岳,石万嗔,18
薛鹊,石万嗔,14
姜小铁,慕容景岳,1
姜小铁,薛鹊,1
石万嗔,姜小铁,1
薛鹊,姜小铁,1
慕容景岳,姜小铁,1
石万嗔,姜铁山,2
姜铁山,石万嗔,2
姜小铁,石万嗔,1
马春花,薛鹊,3
姜铁山,马春花,1
石万嗔,马春花,3
薛鹊,马春花,3
马春花,石万嗔,3
马春花,姜铁山,1
石万嗔,苗人凤,1
石万嗔,汉子,1
石万嗔,袁紫衣,1
汉子,石万嗔,1
袁紫衣,石万嗔,1
苗人凤,石万嗔,1
曾铁鸥,石万嗔,6
石万嗔,曾铁鸥,6
曾铁鸥,汤沛,1
汤沛,曾铁鸥,1
王掌柜,曾铁鸥,1
王掌柜,石万嗔,1
王掌柜,程灵素,1
王掌柜,胡斐,1
程灵素,王掌柜,1
汤沛,王掌柜,1
福康安,王掌柜,1
曾铁鸥,马春花,1
曾铁鸥,王掌柜,1
胡斐,王掌柜,1
马春花,曾铁鸥,1
马春花,王掌柜,1
王掌柜,马春花,1
王掌柜,福康安,1
石万嗔,王掌柜,1
王掌柜,汤沛,1
南兰,胡斐,9
胡斐,南兰,9
苗若兰,胡斐,1
南兰,苗若兰,1
胡斐,苗若兰,1
苗若兰,南兰,1
汤沛,胡大哥,2
胡大哥,汤沛,2
胡大哥,石万嗔,1
石万嗔,胡大哥,1
田归农,胡大哥,2
胡大哥,田归农,2
福康安,司徒雷,1
司徒雷,福康安,1
司徒雷,胡斐,1
胡斐,司徒雷,1
司徒雷,田归农,1
田归农,司徒雷,1
胡一刀,程灵素,1
南兰,程灵素,1
程灵素,胡一刀,1
程灵素,南兰,1
郭靖,令狐冲,1
郭靖,杨过,1
杨过,郭靖,1
乔峰,令狐冲,1
令狐冲,乔峰,1
令狐冲,郭靖,1
胡斐,郭靖,1
郭靖,胡斐,1
乔峰,郭靖,1
令狐冲,杨过,1
乔峰,杨过,1
郭靖,乔峰,1
杨过,乔峰,1
乔峰,胡斐,1
胡斐,乔峰,1
胡斐,令狐冲,1
令狐冲,胡斐,1
胡斐,杨过,1
杨过,令狐冲,1
杨过,胡斐,1
